# github.com/guacsec/guac/cmd/guaccollect/cmd
cmd/guaccollect/cmd/files.go:138:23: jetStream.Close() (no value) used as value
cmd/guaccollect/cmd/gcs.go:87:23: csubClient.Close() (no value) used as value
cmd/guaccollect/cmd/kubescape.go:80:23: csubClient.Close() (no value) used as value
cmd/guaccollect/cmd/osv.go:233:23: jetStream.Close() (no value) used as value
cmd/guaccollect/cmd/s3.go:122:23: csubClient.Close() (no value) used as value
# github.com/guacsec/guac/cmd/guacingest/cmd
cmd/guacingest/cmd/ingest.go:100:22: jetStream.Close() (no value) used as value
cmd/guacingest/cmd/ingest.go:118:21: csubClient.Close() (no value) used as value
# github.com/guacsec/guac/cmd/guacone/cmd
cmd/guacone/cmd/collectsub_client.go:83:22: csubClient.Close() (no value) used as value
cmd/guacone/cmd/collectsub_client.go:145:22: csubClient.Close() (no value) used as value
cmd/guacone/cmd/eol.go:109:23: csubClient.Close() (no value) used as value
cmd/guacone/cmd/files.go:140:23: csubClient.Close() (no value) used as value
cmd/guacone/cmd/gcs.go:111:23: csubClient.Close() (no value) used as value
cmd/guacone/cmd/github.go:166:23: csubClient.Close() (no value) used as value
cmd/guacone/cmd/kubescape.go:90:23: csubClient.Close() (no value) used as value
cmd/guacone/cmd/license.go:122:23: csubClient.Close() (no value) used as value
cmd/guacone/cmd/osv.go:131:23: csubClient.Close() (no value) used as value
cmd/guacone/cmd/s3.go:138:23: csubClient.Close() (no value) used as value
cmd/guacone/cmd/s3.go:138:23: too many errors
