./cmd/guaccollect/cmd/files.go:			defer jetStream.Close()
./cmd/guaccollect/cmd/osv.go:			defer jetStream.Close()
./cmd/guaccollect/cmd/gcs.go:			defer csubClient.Close()
./cmd/guaccollect/cmd/kubescape.go:			defer csubClient.Close()
./cmd/guaccollect/cmd/s3.go:			defer csubClient.Close()
./cmd/guacgql/cmd/server_test.go:	defer ts.Close()
./cmd/guacone/cmd/files.go:			defer csubClient.Close()
./cmd/guacone/cmd/collectsub_client.go:		defer csubClient.Close()
./cmd/guacone/cmd/collectsub_client.go:		defer csubClient.Close()
./cmd/guacone/cmd/eol.go:			defer csubClient.Close()
./cmd/guacone/cmd/osv.go:			defer csubClient.Close()
./cmd/guacone/cmd/license.go:			defer csubClient.Close()
./cmd/guacone/cmd/gcs.go:			defer csubClient.Close()
./cmd/guacone/cmd/scorecard.go:			defer csubClient.Close()
./cmd/guacone/cmd/github.go:			defer csubClient.Close()
./cmd/guacone/cmd/kubescape.go:			defer csubClient.Close()
./cmd/guacone/cmd/s3.go:			defer csubClient.Close()
./cmd/guacingest/cmd/ingest.go:		defer jetStream.Close()
./cmd/guacingest/cmd/ingest.go:	defer csubClient.Close()
./pkg/cli/headers_test.go:			defer srv.Close()
./pkg/certifier/osv/osv_test.go:	defer server.Close()
./pkg/certifier/eol/eol.go:	defer resp.Body.Close()
./pkg/certifier/eol/eol.go:	defer resp.Body.Close()
./pkg/certifier/eol/eol_test.go:	defer server.Close()
./pkg/certifier/eol/eol_test.go:	defer server.Close()
./pkg/certifier/eol/eol_test.go:			defer server.Close()
./pkg/certifier/scorecard/scorecardRunner.go:		defer repoClient.Close()
./pkg/certifier/clearlydefined/clearlydefined_test.go:			defer mockCD.Close()
./pkg/certifier/clearlydefined/clearlydefined_test.go:	defer server.Close()
./pkg/certifier/clearlydefined/clearlydefined.go:	defer resp.Body.Close()
./pkg/handler/processor/process/process_test.go:			defer jetStream.Close()
./pkg/handler/collector/s3/bucket/bucket.go:	defer resp.Body.Close()
./pkg/handler/collector/oci/oci_registry_test.go:	defer registry.Close()
./pkg/handler/collector/gcs/gcs.go:	defer reader.Close()
./pkg/handler/collector/collector_test.go:	defer jetStream.Close()
./pkg/assembler/backends/ent/pkgequal_query.go:	defer rows.Close()
./pkg/assembler/backends/ent/pkgequal_query.go:	defer rows.Close()
./pkg/assembler/backends/ent/builder_query.go:	defer rows.Close()
./pkg/assembler/backends/ent/builder_query.go:	defer rows.Close()
./pkg/assembler/backends/ent/billofmaterials_query.go:	defer rows.Close()
./pkg/assembler/backends/ent/billofmaterials_query.go:	defer rows.Close()
./pkg/assembler/backends/ent/certifyscorecard_query.go:	defer rows.Close()
./pkg/assembler/backends/ent/certifyscorecard_query.go:	defer rows.Close()
./pkg/assembler/backends/ent/packageversion_query.go:	defer rows.Close()
./pkg/assembler/backends/ent/packageversion_query.go:	defer rows.Close()
./pkg/assembler/backends/ent/packagename_query.go:	defer rows.Close()
./pkg/assembler/backends/ent/packagename_query.go:	defer rows.Close()
./pkg/assembler/backends/ent/occurrence_query.go:	defer rows.Close()
./pkg/assembler/backends/ent/occurrence_query.go:	defer rows.Close()
./pkg/assembler/backends/ent/hasmetadata_query.go:	defer rows.Close()
./pkg/assembler/backends/ent/hasmetadata_query.go:	defer rows.Close()
./pkg/assembler/backends/ent/vulnerabilitymetadata_query.go:	defer rows.Close()
./pkg/assembler/backends/ent/vulnerabilitymetadata_query.go:	defer rows.Close()
./pkg/assembler/backends/ent/artifact_query.go:	defer rows.Close()
./pkg/assembler/backends/ent/artifact_query.go:	defer rows.Close()
./pkg/assembler/backends/ent/license_query.go:	defer rows.Close()
./pkg/assembler/backends/ent/license_query.go:	defer rows.Close()
./pkg/assembler/backends/ent/pointofcontact_query.go:	defer rows.Close()
./pkg/assembler/backends/ent/pointofcontact_query.go:	defer rows.Close()
./pkg/assembler/backends/ent/hassourceat_query.go:	defer rows.Close()
./pkg/assembler/backends/ent/hassourceat_query.go:	defer rows.Close()
./pkg/assembler/backends/ent/hashequal_query.go:	defer rows.Close()
./pkg/assembler/backends/ent/hashequal_query.go:	defer rows.Close()
./pkg/assembler/backends/ent/certifyvuln_query.go:	defer rows.Close()
./pkg/assembler/backends/ent/certifyvuln_query.go:	defer rows.Close()
./pkg/assembler/backends/ent/certifyvex_query.go:	defer rows.Close()
./pkg/assembler/backends/ent/certifyvex_query.go:	defer rows.Close()
./pkg/assembler/backends/ent/certification_query.go:	defer rows.Close()
./pkg/assembler/backends/ent/certification_query.go:	defer rows.Close()
./pkg/assembler/backends/ent/certifylegal_query.go:	defer rows.Close()
./pkg/assembler/backends/ent/certifylegal_query.go:	defer rows.Close()
./pkg/assembler/backends/ent/vulnequal_query.go:	defer rows.Close()
./pkg/assembler/backends/ent/vulnequal_query.go:	defer rows.Close()
./pkg/assembler/backends/ent/dependency_query.go:	defer rows.Close()
./pkg/assembler/backends/ent/dependency_query.go:	defer rows.Close()
./pkg/assembler/backends/ent/slsaattestation_query.go:	defer rows.Close()
./pkg/assembler/backends/ent/slsaattestation_query.go:	defer rows.Close()
./pkg/assembler/backends/ent/sourcename_query.go:	defer rows.Close()
./pkg/assembler/backends/ent/sourcename_query.go:	defer rows.Close()
./pkg/assembler/backends/ent/vulnerabilityid_query.go:	defer rows.Close()
./pkg/assembler/backends/ent/vulnerabilityid_query.go:	defer rows.Close()
./pkg/assembler/backends/neo4j/vulnEqual.go:	// defer session.Close()
./pkg/assembler/backends/neo4j/certifyVuln.go:	// defer session.Close()
./pkg/assembler/backends/neo4j/certifyVuln.go:	// defer session.Close()
./pkg/assembler/backends/neo4j/src.go:	defer session.Close()
./pkg/assembler/backends/neo4j/src.go:	defer session.Close()
./pkg/assembler/backends/neo4j/src.go:	defer session.Close()
./pkg/assembler/backends/neo4j/src.go:	defer session.Close()
./pkg/assembler/backends/neo4j/artifact.go:	defer session.Close()
./pkg/assembler/backends/neo4j/artifact.go:	defer session.Close()
./pkg/assembler/backends/neo4j/hasSLSA.go:	// defer session.Close()
./pkg/assembler/backends/neo4j/hasSBOM.go:	defer session.Close()
./pkg/assembler/backends/neo4j/vulnerability.go:	// defer session.Close()
./pkg/assembler/backends/neo4j/vulnerability.go:// 	defer session.Close()
./pkg/assembler/backends/neo4j/vulnerability.go:	// 	defer session.Close()
./pkg/assembler/backends/neo4j/pkg.go:	defer session.Close()
./pkg/assembler/backends/neo4j/pkg.go:	defer session.Close()
./pkg/assembler/backends/neo4j/pkg.go:	defer session.Close()
./pkg/assembler/backends/neo4j/pkg.go:	defer session.Close()
./pkg/assembler/backends/neo4j/pkg.go:	defer session.Close()
./pkg/assembler/backends/neo4j/certifyBad.go:	defer session.Close()
./pkg/assembler/backends/neo4j/builder.go:	defer session.Close()
./pkg/assembler/backends/neo4j/builder.go:	defer session.Close()
./pkg/assembler/backends/neo4j/isOccurrence.go:	defer session.Close()
./pkg/assembler/backends/neo4j/isOccurrence.go:	defer session.Close()
./pkg/assembler/backends/neo4j/certifyGood.go:	defer session.Close()
./pkg/assembler/backends/neo4j/pkgEqual.go:	defer session.Close()
./pkg/assembler/backends/neo4j/pkgEqual.go:	defer session.Close()
./pkg/assembler/backends/neo4j/certifyScorecard.go:	defer session.Close()
./pkg/assembler/backends/neo4j/certifyScorecard.go:	defer session.Close()
./pkg/assembler/backends/neo4j/certifyVEXStatement.go:	// defer session.Close()
./pkg/assembler/backends/arangodb/hashEqual.go:	defer cursor.Close()
./pkg/assembler/backends/arangodb/hashEqual.go:	defer cursor.Close()
./pkg/assembler/backends/arangodb/hashEqual.go:	defer cursor.Close()
./pkg/assembler/backends/arangodb/hashEqual.go:	defer cursor.Close()
./pkg/assembler/backends/arangodb/hashEqual.go:		defer cursor.Close()
./pkg/assembler/backends/arangodb/vulnEqual.go:	defer cursor.Close()
./pkg/assembler/backends/arangodb/vulnEqual.go:	defer cursor.Close()
./pkg/assembler/backends/arangodb/vulnEqual.go:	defer cursor.Close()
./pkg/assembler/backends/arangodb/vulnEqual.go:	defer cursor.Close()
./pkg/assembler/backends/arangodb/vulnEqual.go:		defer cursor.Close()
./pkg/assembler/backends/arangodb/hasSourceAt.go:	defer cursor.Close()
./pkg/assembler/backends/arangodb/hasSourceAt.go:		defer cursor.Close()
./pkg/assembler/backends/arangodb/hasSourceAt.go:		defer cursor.Close()
./pkg/assembler/backends/arangodb/hasSourceAt.go:		defer cursor.Close()
./pkg/assembler/backends/arangodb/hasSourceAt.go:		defer cursor.Close()
./pkg/assembler/backends/arangodb/hasSourceAt.go:	defer cursor.Close()
./pkg/assembler/backends/arangodb/certifyVuln.go:	defer cursor.Close()
./pkg/assembler/backends/arangodb/certifyVuln.go:	defer cursor.Close()
./pkg/assembler/backends/arangodb/certifyVuln.go:	defer cursor.Close()
./pkg/assembler/backends/arangodb/certifyVuln.go:	defer cursor.Close()
./pkg/assembler/backends/arangodb/vulnMetadata.go:	defer cursor.Close()
./pkg/assembler/backends/arangodb/vulnMetadata.go:	defer cursor.Close()
./pkg/assembler/backends/arangodb/vulnMetadata.go:	defer cursor.Close()
./pkg/assembler/backends/arangodb/vulnMetadata.go:	defer cursor.Close()
./pkg/assembler/backends/arangodb/src.go:	defer cursor.Close()
./pkg/assembler/backends/arangodb/src.go:	defer cursor.Close()
./pkg/assembler/backends/arangodb/src.go:	defer cursor.Close()
./pkg/assembler/backends/arangodb/src.go:	defer cursor.Close()
./pkg/assembler/backends/arangodb/src.go:	defer cursor.Close()
./pkg/assembler/backends/arangodb/src.go:	defer cursor.Close()
./pkg/assembler/backends/arangodb/path.go:	defer cursor.Close()
./pkg/assembler/backends/arangodb/artifact.go:	defer cursor.Close()
./pkg/assembler/backends/arangodb/artifact.go:	defer cursor.Close()
./pkg/assembler/backends/arangodb/artifact.go:	defer cursor.Close()
./pkg/assembler/backends/arangodb/artifact.go:	defer cursor.Close()
./pkg/assembler/backends/arangodb/artifact.go:	defer cursor.Close()
./pkg/assembler/backends/arangodb/artifact.go:	defer cursor.Close()
./pkg/assembler/backends/arangodb/hasSLSA.go:	defer cursor.Close()
./pkg/assembler/backends/arangodb/hasSLSA.go:	defer cursor.Close()
./pkg/assembler/backends/arangodb/hasSLSA.go:	defer cursor.Close()
./pkg/assembler/backends/arangodb/hasSLSA.go:	defer cursor.Close()
./pkg/assembler/backends/arangodb/hasSLSA.go:		defer cursor.Close()
./pkg/assembler/backends/arangodb/license.go:	defer cursor.Close()
./pkg/assembler/backends/arangodb/license.go:	defer cursor.Close()
./pkg/assembler/backends/arangodb/license.go:	defer cursor.Close()
./pkg/assembler/backends/arangodb/license.go:	defer cursor.Close()
./pkg/assembler/backends/arangodb/license.go:	defer cursor.Close()
./pkg/assembler/backends/arangodb/hasMetadata.go:	defer cursor.Close()
./pkg/assembler/backends/arangodb/hasMetadata.go:	defer cursor.Close()
./pkg/assembler/backends/arangodb/hasMetadata.go:	defer cursor.Close()
./pkg/assembler/backends/arangodb/hasMetadata.go:			defer cursor.Close()
./pkg/assembler/backends/arangodb/hasMetadata.go:			defer cursor.Close()
./pkg/assembler/backends/arangodb/hasMetadata.go:		defer cursor.Close()
./pkg/assembler/backends/arangodb/hasMetadata.go:		defer cursor.Close()
./pkg/assembler/backends/arangodb/hasMetadata.go:			defer cursor.Close()
./pkg/assembler/backends/arangodb/hasMetadata.go:			defer cursor.Close()
./pkg/assembler/backends/arangodb/hasMetadata.go:		defer cursor.Close()
./pkg/assembler/backends/arangodb/hasMetadata.go:		defer cursor.Close()
./pkg/assembler/backends/arangodb/hasMetadata.go:	defer cursor.Close()
./pkg/assembler/backends/arangodb/hasSBOM.go:	defer cursor.Close()
./pkg/assembler/backends/arangodb/hasSBOM.go:	defer cursor.Close()
./pkg/assembler/backends/arangodb/hasSBOM.go:		defer cursor.Close()
./pkg/assembler/backends/arangodb/hasSBOM.go:		defer cursor.Close()
./pkg/assembler/backends/arangodb/hasSBOM.go:		defer cursor.Close()
./pkg/assembler/backends/arangodb/hasSBOM.go:		defer cursor.Close()
./pkg/assembler/backends/arangodb/hasSBOM.go:	defer cursor.Close()
./pkg/assembler/backends/arangodb/hasSBOM.go:		defer cursor.Close()
./pkg/assembler/backends/arangodb/hasSBOM.go:		defer cursor.Close()
./pkg/assembler/backends/arangodb/hasSBOM.go:		defer cursor.Close()
./pkg/assembler/backends/arangodb/vulnerability.go:	defer cursor.Close()
./pkg/assembler/backends/arangodb/vulnerability.go:	defer cursor.Close()
./pkg/assembler/backends/arangodb/vulnerability.go:	defer cursor.Close()
./pkg/assembler/backends/arangodb/vulnerability.go:	defer cursor.Close()
./pkg/assembler/backends/arangodb/vulnerability.go:	defer cursor.Close()
./pkg/assembler/backends/arangodb/isDependency.go:	defer cursor.Close()
./pkg/assembler/backends/arangodb/isDependency.go:	defer cursor.Close()
./pkg/assembler/backends/arangodb/isDependency.go:	defer cursor.Close()
./pkg/assembler/backends/arangodb/isDependency.go:	defer cursor.Close()
./pkg/assembler/backends/arangodb/isDependency.go:		defer cursor.Close()
./pkg/assembler/backends/arangodb/pkg.go:	defer cursor.Close()
./pkg/assembler/backends/arangodb/pkg.go:	defer cursor.Close()
./pkg/assembler/backends/arangodb/pkg.go:	defer cursor.Close()
./pkg/assembler/backends/arangodb/pkg.go:	defer cursor.Close()
./pkg/assembler/backends/arangodb/pkg.go:	defer cursor.Close()
./pkg/assembler/backends/arangodb/pkg.go:	defer cursor.Close()
./pkg/assembler/backends/arangodb/pkg.go:	defer cursor.Close()
./pkg/assembler/backends/arangodb/pkg.go:	defer cursor.Close()
./pkg/assembler/backends/arangodb/pointOfContact.go:	defer cursor.Close()
./pkg/assembler/backends/arangodb/pointOfContact.go:	defer cursor.Close()
./pkg/assembler/backends/arangodb/pointOfContact.go:	defer cursor.Close()
./pkg/assembler/backends/arangodb/pointOfContact.go:			defer cursor.Close()
./pkg/assembler/backends/arangodb/pointOfContact.go:			defer cursor.Close()
./pkg/assembler/backends/arangodb/pointOfContact.go:		defer cursor.Close()
./pkg/assembler/backends/arangodb/pointOfContact.go:		defer cursor.Close()
./pkg/assembler/backends/arangodb/pointOfContact.go:			defer cursor.Close()
./pkg/assembler/backends/arangodb/pointOfContact.go:			defer cursor.Close()
./pkg/assembler/backends/arangodb/pointOfContact.go:		defer cursor.Close()
./pkg/assembler/backends/arangodb/pointOfContact.go:		defer cursor.Close()
./pkg/assembler/backends/arangodb/pointOfContact.go:	defer cursor.Close()
./pkg/assembler/backends/arangodb/certifyBad.go:	defer cursor.Close()
./pkg/assembler/backends/arangodb/certifyBad.go:	defer cursor.Close()
./pkg/assembler/backends/arangodb/certifyBad.go:	defer cursor.Close()
./pkg/assembler/backends/arangodb/certifyBad.go:			defer cursor.Close()
./pkg/assembler/backends/arangodb/certifyBad.go:			defer cursor.Close()
./pkg/assembler/backends/arangodb/certifyBad.go:		defer cursor.Close()
./pkg/assembler/backends/arangodb/certifyBad.go:		defer cursor.Close()
./pkg/assembler/backends/arangodb/certifyBad.go:			defer cursor.Close()
./pkg/assembler/backends/arangodb/certifyBad.go:			defer cursor.Close()
./pkg/assembler/backends/arangodb/certifyBad.go:		defer cursor.Close()
./pkg/assembler/backends/arangodb/certifyBad.go:		defer cursor.Close()
./pkg/assembler/backends/arangodb/certifyBad.go:	defer cursor.Close()
./pkg/assembler/backends/arangodb/builder.go:	defer cursor.Close()
./pkg/assembler/backends/arangodb/builder.go:	defer cursor.Close()
./pkg/assembler/backends/arangodb/builder.go:	defer cursor.Close()
./pkg/assembler/backends/arangodb/isOccurrence.go:	defer cursor.Close()
./pkg/assembler/backends/arangodb/isOccurrence.go:	defer cursor.Close()
./pkg/assembler/backends/arangodb/isOccurrence.go:		defer cursor.Close()
./pkg/assembler/backends/arangodb/isOccurrence.go:		defer cursor.Close()
./pkg/assembler/backends/arangodb/isOccurrence.go:		defer cursor.Close()
./pkg/assembler/backends/arangodb/isOccurrence.go:		defer cursor.Close()
./pkg/assembler/backends/arangodb/isOccurrence.go:	defer cursor.Close()
./pkg/assembler/backends/arangodb/search.go:	defer cursor.Close()
./pkg/assembler/backends/arangodb/certifyGood.go:	defer cursor.Close()
./pkg/assembler/backends/arangodb/certifyGood.go:	defer cursor.Close()
./pkg/assembler/backends/arangodb/certifyGood.go:	defer cursor.Close()
./pkg/assembler/backends/arangodb/certifyGood.go:			defer cursor.Close()
./pkg/assembler/backends/arangodb/certifyGood.go:			defer cursor.Close()
./pkg/assembler/backends/arangodb/certifyGood.go:		defer cursor.Close()
./pkg/assembler/backends/arangodb/certifyGood.go:		defer cursor.Close()
./pkg/assembler/backends/arangodb/certifyGood.go:			defer cursor.Close()
./pkg/assembler/backends/arangodb/certifyGood.go:			defer cursor.Close()
./pkg/assembler/backends/arangodb/certifyGood.go:		defer cursor.Close()
./pkg/assembler/backends/arangodb/certifyGood.go:		defer cursor.Close()
./pkg/assembler/backends/arangodb/certifyGood.go:	defer cursor.Close()
./pkg/assembler/backends/arangodb/pkgEqual.go:	defer cursor.Close()
./pkg/assembler/backends/arangodb/pkgEqual.go:	defer cursor.Close()
./pkg/assembler/backends/arangodb/pkgEqual.go:	defer cursor.Close()
./pkg/assembler/backends/arangodb/pkgEqual.go:	defer cursor.Close()
./pkg/assembler/backends/arangodb/pkgEqual.go:		defer cursor.Close()
./pkg/assembler/backends/arangodb/certifyScorecard.go:	defer cursor.Close()
./pkg/assembler/backends/arangodb/certifyScorecard.go:	defer cursor.Close()
./pkg/assembler/backends/arangodb/certifyScorecard.go:	defer cursor.Close()
./pkg/assembler/backends/arangodb/certifyScorecard.go:	defer cursor.Close()
./pkg/assembler/backends/arangodb/certifyLegal.go:	defer cursor.Close()
./pkg/assembler/backends/arangodb/certifyLegal.go:	defer cursor.Close()
./pkg/assembler/backends/arangodb/certifyLegal.go:		defer cursor.Close()
./pkg/assembler/backends/arangodb/certifyLegal.go:		defer cursor.Close()
./pkg/assembler/backends/arangodb/certifyLegal.go:		defer cursor.Close()
./pkg/assembler/backends/arangodb/certifyLegal.go:		defer cursor.Close()
./pkg/assembler/backends/arangodb/certifyLegal.go:	defer cursor.Close()
./pkg/assembler/backends/arangodb/certifyLegal.go:		defer cursor.Close()
./pkg/assembler/backends/arangodb/certifyVEXStatement.go:	defer cursor.Close()
./pkg/assembler/backends/arangodb/certifyVEXStatement.go:	defer cursor.Close()
./pkg/assembler/backends/arangodb/certifyVEXStatement.go:		defer cursor.Close()
./pkg/assembler/backends/arangodb/certifyVEXStatement.go:		defer cursor.Close()
./pkg/assembler/backends/arangodb/certifyVEXStatement.go:		defer cursor.Close()
./pkg/assembler/backends/arangodb/certifyVEXStatement.go:		defer cursor.Close()
./pkg/assembler/backends/arangodb/certifyVEXStatement.go:	defer cursor.Close()
./pkg/collectsub/datasource/csubsource/csubsource_test.go:	defer c.Close()
./pkg/collectsub/datasource/csubsource/csubsource_test.go:	defer c.Close()
./pkg/ingestor/parser/common/scanner/scanner_test.go:			defer mockCD.Close()
./pkg/emitter/nats_emitter_test.go:	defer jetStream.Close()
./pkg/emitter/emitter_test.go:	defer jetStream.Close()
./pkg/blob/blob.go:	defer r.Close()
./internal/testing/cmd/pubsub_test/cmd/files.go:		defer jetStream.Close()
./internal/testing/cmd/pubsub_test/cmd/osv.go:		defer jetStream.Close()
./internal/testing/nats/nats.go:	defer l.Close()
./defer_left.log:./cmd/guaccollect/cmd/files.go:			defer jetStream.Close()
./defer_left.log:./cmd/guaccollect/cmd/osv.go:			defer jetStream.Close()
./defer_left.log:./cmd/guaccollect/cmd/gcs.go:			defer csubClient.Close()
./defer_left.log:./cmd/guaccollect/cmd/kubescape.go:			defer csubClient.Close()
./defer_left.log:./cmd/guaccollect/cmd/s3.go:			defer csubClient.Close()
./defer_left.log:./cmd/guacgql/cmd/server_test.go:	defer ts.Close()
./defer_left.log:./cmd/guacone/cmd/files.go:			defer csubClient.Close()
./defer_left.log:./cmd/guacone/cmd/collectsub_client.go:		defer csubClient.Close()
./defer_left.log:./cmd/guacone/cmd/collectsub_client.go:		defer csubClient.Close()
./defer_left.log:./cmd/guacone/cmd/eol.go:			defer csubClient.Close()
./defer_left.log:./cmd/guacone/cmd/osv.go:			defer csubClient.Close()
./defer_left.log:./cmd/guacone/cmd/license.go:			defer csubClient.Close()
./defer_left.log:./cmd/guacone/cmd/gcs.go:			defer csubClient.Close()
./defer_left.log:./cmd/guacone/cmd/scorecard.go:			defer csubClient.Close()
./defer_left.log:./cmd/guacone/cmd/github.go:			defer csubClient.Close()
./defer_left.log:./cmd/guacone/cmd/kubescape.go:			defer csubClient.Close()
./defer_left.log:./cmd/guacone/cmd/s3.go:			defer csubClient.Close()
./defer_left.log:./cmd/guacingest/cmd/ingest.go:		defer jetStream.Close()
./defer_left.log:./cmd/guacingest/cmd/ingest.go:	defer csubClient.Close()
./defer_left.log:./pkg/cli/headers_test.go:			defer srv.Close()
./defer_left.log:./pkg/certifier/osv/osv_test.go:	defer server.Close()
./defer_left.log:./pkg/certifier/eol/eol.go:	defer resp.Body.Close()
./defer_left.log:./pkg/certifier/eol/eol.go:	defer resp.Body.Close()
./defer_left.log:./pkg/certifier/eol/eol_test.go:	defer server.Close()
./defer_left.log:./pkg/certifier/eol/eol_test.go:	defer server.Close()
./defer_left.log:./pkg/certifier/eol/eol_test.go:			defer server.Close()
./defer_left.log:./pkg/certifier/scorecard/scorecardRunner.go:		defer repoClient.Close()
./defer_left.log:./pkg/certifier/clearlydefined/clearlydefined_test.go:			defer mockCD.Close()
./defer_left.log:./pkg/certifier/clearlydefined/clearlydefined_test.go:	defer server.Close()
./defer_left.log:./pkg/certifier/clearlydefined/clearlydefined.go:	defer resp.Body.Close()
./defer_left.log:./pkg/handler/processor/process/process_test.go:			defer jetStream.Close()
./defer_left.log:./pkg/handler/collector/s3/bucket/bucket.go:	defer resp.Body.Close()
./defer_left.log:./pkg/handler/collector/oci/oci_registry_test.go:	defer registry.Close()
./defer_left.log:./pkg/handler/collector/gcs/gcs.go:	defer reader.Close()
./defer_left.log:./pkg/handler/collector/collector_test.go:	defer jetStream.Close()
./defer_left.log:./pkg/assembler/backends/ent/pkgequal_query.go:	defer rows.Close()
./defer_left.log:./pkg/assembler/backends/ent/pkgequal_query.go:	defer rows.Close()
./defer_left.log:./pkg/assembler/backends/ent/builder_query.go:	defer rows.Close()
./defer_left.log:./pkg/assembler/backends/ent/builder_query.go:	defer rows.Close()
./defer_left.log:./pkg/assembler/backends/ent/billofmaterials_query.go:	defer rows.Close()
./defer_left.log:./pkg/assembler/backends/ent/billofmaterials_query.go:	defer rows.Close()
./defer_left.log:./pkg/assembler/backends/ent/certifyscorecard_query.go:	defer rows.Close()
./defer_left.log:./pkg/assembler/backends/ent/certifyscorecard_query.go:	defer rows.Close()
./defer_left.log:./pkg/assembler/backends/ent/packageversion_query.go:	defer rows.Close()
./defer_left.log:./pkg/assembler/backends/ent/packageversion_query.go:	defer rows.Close()
./defer_left.log:./pkg/assembler/backends/ent/packagename_query.go:	defer rows.Close()
./defer_left.log:./pkg/assembler/backends/ent/packagename_query.go:	defer rows.Close()
./defer_left.log:./pkg/assembler/backends/ent/occurrence_query.go:	defer rows.Close()
./defer_left.log:./pkg/assembler/backends/ent/occurrence_query.go:	defer rows.Close()
./defer_left.log:./pkg/assembler/backends/ent/hasmetadata_query.go:	defer rows.Close()
./defer_left.log:./pkg/assembler/backends/ent/hasmetadata_query.go:	defer rows.Close()
./defer_left.log:./pkg/assembler/backends/ent/vulnerabilitymetadata_query.go:	defer rows.Close()
./defer_left.log:./pkg/assembler/backends/ent/vulnerabilitymetadata_query.go:	defer rows.Close()
./defer_left.log:./pkg/assembler/backends/ent/artifact_query.go:	defer rows.Close()
./defer_left.log:./pkg/assembler/backends/ent/artifact_query.go:	defer rows.Close()
./defer_left.log:./pkg/assembler/backends/ent/license_query.go:	defer rows.Close()
./defer_left.log:./pkg/assembler/backends/ent/license_query.go:	defer rows.Close()
./defer_left.log:./pkg/assembler/backends/ent/pointofcontact_query.go:	defer rows.Close()
./defer_left.log:./pkg/assembler/backends/ent/pointofcontact_query.go:	defer rows.Close()
./defer_left.log:./pkg/assembler/backends/ent/hassourceat_query.go:	defer rows.Close()
./defer_left.log:./pkg/assembler/backends/ent/hassourceat_query.go:	defer rows.Close()
./defer_left.log:./pkg/assembler/backends/ent/hashequal_query.go:	defer rows.Close()
./defer_left.log:./pkg/assembler/backends/ent/hashequal_query.go:	defer rows.Close()
./defer_left.log:./pkg/assembler/backends/ent/certifyvuln_query.go:	defer rows.Close()
./defer_left.log:./pkg/assembler/backends/ent/certifyvuln_query.go:	defer rows.Close()
./defer_left.log:./pkg/assembler/backends/ent/certifyvex_query.go:	defer rows.Close()
./defer_left.log:./pkg/assembler/backends/ent/certifyvex_query.go:	defer rows.Close()
./defer_left.log:./pkg/assembler/backends/ent/certification_query.go:	defer rows.Close()
./defer_left.log:./pkg/assembler/backends/ent/certification_query.go:	defer rows.Close()
./defer_left.log:./pkg/assembler/backends/ent/certifylegal_query.go:	defer rows.Close()
./defer_left.log:./pkg/assembler/backends/ent/certifylegal_query.go:	defer rows.Close()
./defer_left.log:./pkg/assembler/backends/ent/vulnequal_query.go:	defer rows.Close()
./defer_left.log:./pkg/assembler/backends/ent/vulnequal_query.go:	defer rows.Close()
./defer_left.log:./pkg/assembler/backends/ent/dependency_query.go:	defer rows.Close()
./defer_left.log:./pkg/assembler/backends/ent/dependency_query.go:	defer rows.Close()
./defer_left.log:./pkg/assembler/backends/ent/slsaattestation_query.go:	defer rows.Close()
./defer_left.log:./pkg/assembler/backends/ent/slsaattestation_query.go:	defer rows.Close()
./defer_left.log:./pkg/assembler/backends/ent/sourcename_query.go:	defer rows.Close()
./defer_left.log:./pkg/assembler/backends/ent/sourcename_query.go:	defer rows.Close()
./defer_left.log:./pkg/assembler/backends/ent/vulnerabilityid_query.go:	defer rows.Close()
./defer_left.log:./pkg/assembler/backends/ent/vulnerabilityid_query.go:	defer rows.Close()
./defer_left.log:./pkg/assembler/backends/neo4j/vulnEqual.go:	// defer session.Close()
./defer_left.log:./pkg/assembler/backends/neo4j/certifyVuln.go:	// defer session.Close()
./defer_left.log:./pkg/assembler/backends/neo4j/certifyVuln.go:	// defer session.Close()
./defer_left.log:./pkg/assembler/backends/neo4j/src.go:	defer session.Close()
./defer_left.log:./pkg/assembler/backends/neo4j/src.go:	defer session.Close()
./defer_left.log:./pkg/assembler/backends/neo4j/src.go:	defer session.Close()
./defer_left.log:./pkg/assembler/backends/neo4j/src.go:	defer session.Close()
./defer_left.log:./pkg/assembler/backends/neo4j/artifact.go:	defer session.Close()
./defer_left.log:./pkg/assembler/backends/neo4j/artifact.go:	defer session.Close()
./defer_left.log:./pkg/assembler/backends/neo4j/hasSLSA.go:	// defer session.Close()
./defer_left.log:./pkg/assembler/backends/neo4j/hasSBOM.go:	defer session.Close()
./defer_left.log:./pkg/assembler/backends/neo4j/vulnerability.go:	// defer session.Close()
./defer_left.log:./pkg/assembler/backends/neo4j/vulnerability.go:// 	defer session.Close()
./defer_left.log:./pkg/assembler/backends/neo4j/vulnerability.go:	// 	defer session.Close()
./defer_left.log:./pkg/assembler/backends/neo4j/pkg.go:	defer session.Close()
./defer_left.log:./pkg/assembler/backends/neo4j/pkg.go:	defer session.Close()
./defer_left.log:./pkg/assembler/backends/neo4j/pkg.go:	defer session.Close()
./defer_left.log:./pkg/assembler/backends/neo4j/pkg.go:	defer session.Close()
./defer_left.log:./pkg/assembler/backends/neo4j/pkg.go:	defer session.Close()
./defer_left.log:./pkg/assembler/backends/neo4j/certifyBad.go:	defer session.Close()
./defer_left.log:./pkg/assembler/backends/neo4j/builder.go:	defer session.Close()
./defer_left.log:./pkg/assembler/backends/neo4j/builder.go:	defer session.Close()
./defer_left.log:./pkg/assembler/backends/neo4j/isOccurrence.go:	defer session.Close()
./defer_left.log:./pkg/assembler/backends/neo4j/isOccurrence.go:	defer session.Close()
./defer_left.log:./pkg/assembler/backends/neo4j/certifyGood.go:	defer session.Close()
./defer_left.log:./pkg/assembler/backends/neo4j/pkgEqual.go:	defer session.Close()
./defer_left.log:./pkg/assembler/backends/neo4j/pkgEqual.go:	defer session.Close()
./defer_left.log:./pkg/assembler/backends/neo4j/certifyScorecard.go:	defer session.Close()
./defer_left.log:./pkg/assembler/backends/neo4j/certifyScorecard.go:	defer session.Close()
./defer_left.log:./pkg/assembler/backends/neo4j/certifyVEXStatement.go:	// defer session.Close()
./defer_left.log:./pkg/assembler/backends/arangodb/hashEqual.go:	defer cursor.Close()
./defer_left.log:./pkg/assembler/backends/arangodb/hashEqual.go:	defer cursor.Close()
./defer_left.log:./pkg/assembler/backends/arangodb/hashEqual.go:	defer cursor.Close()
./defer_left.log:./pkg/assembler/backends/arangodb/hashEqual.go:	defer cursor.Close()
./defer_left.log:./pkg/assembler/backends/arangodb/hashEqual.go:		defer cursor.Close()
./defer_left.log:./pkg/assembler/backends/arangodb/vulnEqual.go:	defer cursor.Close()
./defer_left.log:./pkg/assembler/backends/arangodb/vulnEqual.go:	defer cursor.Close()
./defer_left.log:./pkg/assembler/backends/arangodb/vulnEqual.go:	defer cursor.Close()
./defer_left.log:./pkg/assembler/backends/arangodb/vulnEqual.go:	defer cursor.Close()
./defer_left.log:./pkg/assembler/backends/arangodb/vulnEqual.go:		defer cursor.Close()
./defer_left.log:./pkg/assembler/backends/arangodb/hasSourceAt.go:	defer cursor.Close()
./defer_left.log:./pkg/assembler/backends/arangodb/hasSourceAt.go:		defer cursor.Close()
./defer_left.log:./pkg/assembler/backends/arangodb/hasSourceAt.go:		defer cursor.Close()
./defer_left.log:./pkg/assembler/backends/arangodb/hasSourceAt.go:		defer cursor.Close()
./defer_left.log:./pkg/assembler/backends/arangodb/hasSourceAt.go:		defer cursor.Close()
./defer_left.log:./pkg/assembler/backends/arangodb/hasSourceAt.go:	defer cursor.Close()
./defer_left.log:./pkg/assembler/backends/arangodb/certifyVuln.go:	defer cursor.Close()
./defer_left.log:./pkg/assembler/backends/arangodb/certifyVuln.go:	defer cursor.Close()
./defer_left.log:./pkg/assembler/backends/arangodb/certifyVuln.go:	defer cursor.Close()
./defer_left.log:./pkg/assembler/backends/arangodb/certifyVuln.go:	defer cursor.Close()
./defer_left.log:./pkg/assembler/backends/arangodb/vulnMetadata.go:	defer cursor.Close()
./defer_left.log:./pkg/assembler/backends/arangodb/vulnMetadata.go:	defer cursor.Close()
./defer_left.log:./pkg/assembler/backends/arangodb/vulnMetadata.go:	defer cursor.Close()
./defer_left.log:./pkg/assembler/backends/arangodb/vulnMetadata.go:	defer cursor.Close()
./defer_left.log:./pkg/assembler/backends/arangodb/src.go:	defer cursor.Close()
./defer_left.log:./pkg/assembler/backends/arangodb/src.go:	defer cursor.Close()
./defer_left.log:./pkg/assembler/backends/arangodb/src.go:	defer cursor.Close()
./defer_left.log:./pkg/assembler/backends/arangodb/src.go:	defer cursor.Close()
./defer_left.log:./pkg/assembler/backends/arangodb/src.go:	defer cursor.Close()
./defer_left.log:./pkg/assembler/backends/arangodb/src.go:	defer cursor.Close()
./defer_left.log:./pkg/assembler/backends/arangodb/path.go:	defer cursor.Close()
./defer_left.log:./pkg/assembler/backends/arangodb/artifact.go:	defer cursor.Close()
./defer_left.log:./pkg/assembler/backends/arangodb/artifact.go:	defer cursor.Close()
./defer_left.log:./pkg/assembler/backends/arangodb/artifact.go:	defer cursor.Close()
./defer_left.log:./pkg/assembler/backends/arangodb/artifact.go:	defer cursor.Close()
./defer_left.log:./pkg/assembler/backends/arangodb/artifact.go:	defer cursor.Close()
./defer_left.log:./pkg/assembler/backends/arangodb/artifact.go:	defer cursor.Close()
./defer_left.log:./pkg/assembler/backends/arangodb/hasSLSA.go:	defer cursor.Close()
./defer_left.log:./pkg/assembler/backends/arangodb/hasSLSA.go:	defer cursor.Close()
./defer_left.log:./pkg/assembler/backends/arangodb/hasSLSA.go:	defer cursor.Close()
./defer_left.log:./pkg/assembler/backends/arangodb/hasSLSA.go:	defer cursor.Close()
./defer_left.log:./pkg/assembler/backends/arangodb/hasSLSA.go:		defer cursor.Close()
./defer_left.log:./pkg/assembler/backends/arangodb/license.go:	defer cursor.Close()
./defer_left.log:./pkg/assembler/backends/arangodb/license.go:	defer cursor.Close()
./defer_left.log:./pkg/assembler/backends/arangodb/license.go:	defer cursor.Close()
./defer_left.log:./pkg/assembler/backends/arangodb/license.go:	defer cursor.Close()
./defer_left.log:./pkg/assembler/backends/arangodb/license.go:	defer cursor.Close()
./defer_left.log:./pkg/assembler/backends/arangodb/hasMetadata.go:	defer cursor.Close()
./defer_left.log:./pkg/assembler/backends/arangodb/hasMetadata.go:	defer cursor.Close()
./defer_left.log:./pkg/assembler/backends/arangodb/hasMetadata.go:	defer cursor.Close()
./defer_left.log:./pkg/assembler/backends/arangodb/hasMetadata.go:			defer cursor.Close()
./defer_left.log:./pkg/assembler/backends/arangodb/hasMetadata.go:			defer cursor.Close()
./defer_left.log:./pkg/assembler/backends/arangodb/hasMetadata.go:		defer cursor.Close()
./defer_left.log:./pkg/assembler/backends/arangodb/hasMetadata.go:		defer cursor.Close()
./defer_left.log:./pkg/assembler/backends/arangodb/hasMetadata.go:			defer cursor.Close()
./defer_left.log:./pkg/assembler/backends/arangodb/hasMetadata.go:			defer cursor.Close()
./defer_left.log:./pkg/assembler/backends/arangodb/hasMetadata.go:		defer cursor.Close()
./defer_left.log:./pkg/assembler/backends/arangodb/hasMetadata.go:		defer cursor.Close()
./defer_left.log:./pkg/assembler/backends/arangodb/hasMetadata.go:	defer cursor.Close()
./defer_left.log:./pkg/assembler/backends/arangodb/hasSBOM.go:	defer cursor.Close()
./defer_left.log:./pkg/assembler/backends/arangodb/hasSBOM.go:	defer cursor.Close()
./defer_left.log:./pkg/assembler/backends/arangodb/hasSBOM.go:		defer cursor.Close()
./defer_left.log:./pkg/assembler/backends/arangodb/hasSBOM.go:		defer cursor.Close()
./defer_left.log:./pkg/assembler/backends/arangodb/hasSBOM.go:		defer cursor.Close()
./defer_left.log:./pkg/assembler/backends/arangodb/hasSBOM.go:		defer cursor.Close()
./defer_left.log:./pkg/assembler/backends/arangodb/hasSBOM.go:	defer cursor.Close()
./defer_left.log:./pkg/assembler/backends/arangodb/hasSBOM.go:		defer cursor.Close()
./defer_left.log:./pkg/assembler/backends/arangodb/hasSBOM.go:		defer cursor.Close()
./defer_left.log:./pkg/assembler/backends/arangodb/hasSBOM.go:		defer cursor.Close()
./defer_left.log:./pkg/assembler/backends/arangodb/vulnerability.go:	defer cursor.Close()
./defer_left.log:./pkg/assembler/backends/arangodb/vulnerability.go:	defer cursor.Close()
./defer_left.log:./pkg/assembler/backends/arangodb/vulnerability.go:	defer cursor.Close()
./defer_left.log:./pkg/assembler/backends/arangodb/vulnerability.go:	defer cursor.Close()
./defer_left.log:./pkg/assembler/backends/arangodb/vulnerability.go:	defer cursor.Close()
./defer_left.log:./pkg/assembler/backends/arangodb/isDependency.go:	defer cursor.Close()
./defer_left.log:./pkg/assembler/backends/arangodb/isDependency.go:	defer cursor.Close()
./defer_left.log:./pkg/assembler/backends/arangodb/isDependency.go:	defer cursor.Close()
./defer_left.log:./pkg/assembler/backends/arangodb/isDependency.go:	defer cursor.Close()
./defer_left.log:./pkg/assembler/backends/arangodb/isDependency.go:		defer cursor.Close()
./defer_left.log:./pkg/assembler/backends/arangodb/pkg.go:	defer cursor.Close()
./defer_left.log:./pkg/assembler/backends/arangodb/pkg.go:	defer cursor.Close()
./defer_left.log:./pkg/assembler/backends/arangodb/pkg.go:	defer cursor.Close()
./defer_left.log:./pkg/assembler/backends/arangodb/pkg.go:	defer cursor.Close()
./defer_left.log:./pkg/assembler/backends/arangodb/pkg.go:	defer cursor.Close()
./defer_left.log:./pkg/assembler/backends/arangodb/pkg.go:	defer cursor.Close()
./defer_left.log:./pkg/assembler/backends/arangodb/pkg.go:	defer cursor.Close()
./defer_left.log:./pkg/assembler/backends/arangodb/pkg.go:	defer cursor.Close()
./defer_left.log:./pkg/assembler/backends/arangodb/pointOfContact.go:	defer cursor.Close()
./defer_left.log:./pkg/assembler/backends/arangodb/pointOfContact.go:	defer cursor.Close()
./defer_left.log:./pkg/assembler/backends/arangodb/pointOfContact.go:	defer cursor.Close()
./defer_left.log:./pkg/assembler/backends/arangodb/pointOfContact.go:			defer cursor.Close()
./defer_left.log:./pkg/assembler/backends/arangodb/pointOfContact.go:			defer cursor.Close()
./defer_left.log:./pkg/assembler/backends/arangodb/pointOfContact.go:		defer cursor.Close()
./defer_left.log:./pkg/assembler/backends/arangodb/pointOfContact.go:		defer cursor.Close()
./defer_left.log:./pkg/assembler/backends/arangodb/pointOfContact.go:			defer cursor.Close()
./defer_left.log:./pkg/assembler/backends/arangodb/pointOfContact.go:			defer cursor.Close()
./defer_left.log:./pkg/assembler/backends/arangodb/pointOfContact.go:		defer cursor.Close()
./defer_left.log:./pkg/assembler/backends/arangodb/pointOfContact.go:		defer cursor.Close()
./defer_left.log:./pkg/assembler/backends/arangodb/pointOfContact.go:	defer cursor.Close()
./defer_left.log:./pkg/assembler/backends/arangodb/certifyBad.go:	defer cursor.Close()
./defer_left.log:./pkg/assembler/backends/arangodb/certifyBad.go:	defer cursor.Close()
./defer_left.log:./pkg/assembler/backends/arangodb/certifyBad.go:	defer cursor.Close()
./defer_left.log:./pkg/assembler/backends/arangodb/certifyBad.go:			defer cursor.Close()
./defer_left.log:./pkg/assembler/backends/arangodb/certifyBad.go:			defer cursor.Close()
./defer_left.log:./pkg/assembler/backends/arangodb/certifyBad.go:		defer cursor.Close()
./defer_left.log:./pkg/assembler/backends/arangodb/certifyBad.go:		defer cursor.Close()
./defer_left.log:./pkg/assembler/backends/arangodb/certifyBad.go:			defer cursor.Close()
./defer_left.log:./pkg/assembler/backends/arangodb/certifyBad.go:			defer cursor.Close()
./defer_left.log:./pkg/assembler/backends/arangodb/certifyBad.go:		defer cursor.Close()
./defer_left.log:./pkg/assembler/backends/arangodb/certifyBad.go:		defer cursor.Close()
./defer_left.log:./pkg/assembler/backends/arangodb/certifyBad.go:	defer cursor.Close()
./defer_left.log:./pkg/assembler/backends/arangodb/builder.go:	defer cursor.Close()
./defer_left.log:./pkg/assembler/backends/arangodb/builder.go:	defer cursor.Close()
./defer_left.log:./pkg/assembler/backends/arangodb/builder.go:	defer cursor.Close()
./defer_left.log:./pkg/assembler/backends/arangodb/isOccurrence.go:	defer cursor.Close()
./defer_left.log:./pkg/assembler/backends/arangodb/isOccurrence.go:	defer cursor.Close()
./defer_left.log:./pkg/assembler/backends/arangodb/isOccurrence.go:		defer cursor.Close()
./defer_left.log:./pkg/assembler/backends/arangodb/isOccurrence.go:		defer cursor.Close()
./defer_left.log:./pkg/assembler/backends/arangodb/isOccurrence.go:		defer cursor.Close()
./defer_left.log:./pkg/assembler/backends/arangodb/isOccurrence.go:		defer cursor.Close()
./defer_left.log:./pkg/assembler/backends/arangodb/isOccurrence.go:	defer cursor.Close()
./defer_left.log:./pkg/assembler/backends/arangodb/search.go:	defer cursor.Close()
./defer_left.log:./pkg/assembler/backends/arangodb/certifyGood.go:	defer cursor.Close()
./defer_left.log:./pkg/assembler/backends/arangodb/certifyGood.go:	defer cursor.Close()
./defer_left.log:./pkg/assembler/backends/arangodb/certifyGood.go:	defer cursor.Close()
./defer_left.log:./pkg/assembler/backends/arangodb/certifyGood.go:			defer cursor.Close()
./defer_left.log:./pkg/assembler/backends/arangodb/certifyGood.go:			defer cursor.Close()
./defer_left.log:./pkg/assembler/backends/arangodb/certifyGood.go:		defer cursor.Close()
./defer_left.log:./pkg/assembler/backends/arangodb/certifyGood.go:		defer cursor.Close()
